<?xml version="1.0" encoding="UTF-8"?>
<!-- Generated by org.testng.reporters.JUnitXMLReporter -->
<testsuite hostname="LAPTOP-4546JIL5" ignored="0" name="Default test" tests="3" failures="0" timestamp="2021-04-20T12:19:45 IST" time="118.043" errors="0">
  <testcase name="validateHomepage" time="0.152" classname="com.moneycontrol.test.Scenario"/>
  <testcase name="validateAllstatpage" time="31.449" classname="com.moneycontrol.test.Scenario"/>
  <testcase name="extractData" time="22.35" classname="com.moneycontrol.test.Scenario"/>
</testsuite> <!-- Default test -->
