<?xml version="1.0" encoding="UTF-8"?>
<!-- Generated by org.testng.reporters.JUnitXMLReporter -->
<testsuite hostname="LAPTOP-4546JIL5" ignored="0" name="Default test" tests="3" failures="0" timestamp="2021-08-22T16:53:20 IST" time="43.816" errors="0">
  <testcase name="validateHomepage" time="0.319" classname="com.trendlyn.test.Trendlynetest"/>
  <testcase name="market" time="5.829" classname="com.trendlyn.test.Trendlynetest"/>
  <testcase name="exportData" time="21.391" classname="com.trendlyn.test.Trendlynetest"/>
</testsuite> <!-- Default test -->
