<?xml version="1.0" encoding="UTF-8"?>
<testng-results ignored="0" total="3" passed="3" failed="0" skipped="0">
  <reporter-output>
  </reporter-output>
  <suite started-at="2021-09-19T19:49:19 IST" name="Default suite" finished-at="2021-09-19T19:50:14 IST" duration-ms="55172">
    <groups>
    </groups>
    <test started-at="2021-09-19T19:49:19 IST" name="Default test" finished-at="2021-09-19T19:50:14 IST" duration-ms="55172">
      <class name="com.trendlyn.test.Trendlynetest">
        <test-method is-config="true" signature="initialize()[pri:0, instance:com.trendlyn.test.Trendlynetest@5974109]" started-at="2021-09-19T19:49:19 IST" name="initialize" finished-at="2021-09-19T19:49:24 IST" duration-ms="4971" status="PASS">
          <reporter-output>
          </reporter-output>
        </test-method> <!-- initialize -->
        <test-method signature="validateHomepage()[pri:0, instance:com.trendlyn.test.Trendlynetest@5974109]" started-at="2021-09-19T19:49:24 IST" name="validateHomepage" finished-at="2021-09-19T19:49:24 IST" duration-ms="327" status="PASS">
          <reporter-output>
          </reporter-output>
        </test-method> <!-- validateHomepage -->
        <test-method signature="market()[pri:1, instance:com.trendlyn.test.Trendlynetest@5974109]" started-at="2021-09-19T19:49:24 IST" name="market" finished-at="2021-09-19T19:49:34 IST" duration-ms="9309" status="PASS">
          <reporter-output>
          </reporter-output>
        </test-method> <!-- market -->
        <test-method signature="exportData()[pri:2, instance:com.trendlyn.test.Trendlynetest@5974109]" started-at="2021-09-19T19:49:34 IST" name="exportData" finished-at="2021-09-19T19:50:14 IST" duration-ms="40498" status="PASS">
          <reporter-output>
          </reporter-output>
        </test-method> <!-- exportData -->
      </class> <!-- com.trendlyn.test.Trendlynetest -->
    </test> <!-- Default test -->
  </suite> <!-- Default suite -->
</testng-results>
