<?xml version="1.0" encoding="UTF-8"?>
<!-- Generated by org.testng.reporters.JUnitXMLReporter -->
<testsuite ignored="0" hostname="DESKTOP-858BG16" failures="0" tests="4" name="Test" time="48.522" errors="0" timestamp="2021-10-23T13:15:26 IST">
  <testcase classname="com.trendlyn.test.Trendlynetest" name="validateHomepage" time="0.28"/>
  <testcase classname="com.trendlyn.test.Trendlynetest" name="market" time="9.05"/>
  <testcase classname="com.trendlyn.test.Trendlynetest" name="exportData" time="16.021"/>
  <testcase classname="com.trendlyn.test.OversoldStocks" name="getLargeCapOversoldStocks" time="11.392"/>
</testsuite> <!-- Test -->
